
> mobile@1.0.0 web
> expo start --web

Starting project at /app
Starting Metro Bundler
The following packages should be updated for best compatibility with the installed expo version:
  expo@54.0.32 - expected version: ~54.0.33
  expo-router@6.0.22 - expected version: ~6.0.23
  react-native-worklets@0.7.2 - expected version: 0.5.1
  @types/react@19.2.9 - expected version: ~19.1.10
Your project may not work correctly until you install the expected versions of the packages.
Waiting on http://localhost:8081
Logs for your project will appear below.
Web node_modules/expo-router/entry.js ░░░░░░░░░░░░░░░░  0.0% (0/1)
Web node_modules/expo-router/entry.js ▓▓▓▓▓▓▓▓▓▓░░░░░░ 64.0% ( 54/125)
Web node_modules/expo-router/entry.js ▓▓▓▓▓▓▓▓▓▓░░░░░░ 64.0% (315/459)
Web node_modules/expo-router/entry.js ▓▓▓▓▓▓▓▓▓▓░░░░░░ 64.0% (717/947)
Web node_modules/expo-router/entry.js ▓▓▓▓▓▓▓▓▓▓▓░░░░░ 71.6% (1057/1275)
Web node_modules/expo-router/entry.js ▓▓▓▓▓▓▓▓▓▓▓▓░░░░ 81.2% (1422/1578)
Web node_modules/expo-router/entry.js ▓▓▓▓▓▓▓▓▓▓▓▓▓▓░░ 93.6% (1811/1891)
Web Bundled 21949ms node_modules/expo-router/entry.js (1965 modules)
Web node_modules/expo-router/entry.js ░░░░░░░░░░░░░░░░  0.0% (0/1)
Web Bundled 102ms node_modules/expo-router/entry.js (1 module)
Web node_modules/expo-router/entry.js ░░░░░░░░░░░░░░░░  0.0% (0/1)
Web Bundled 118ms node_modules/expo-router/entry.js (1 module)
